<?xml version="1.0" encoding="UTF-8"?>
<testng-results skipped="0" failed="0" ignored="0" total="1" passed="1">
  <reporter-output>
  </reporter-output>
  <suite name="Default suite" duration-ms="3744" started-at="2020-09-10T13:41:11 IST" finished-at="2020-09-10T13:41:15 IST">
    <groups>
    </groups>
    <test name="Default test" duration-ms="3744" started-at="2020-09-10T13:41:11 IST" finished-at="2020-09-10T13:41:15 IST">
      <class name="PostData.data">
        <test-method status="PASS" signature="test1()[pri:0, instance:PostData.data@7494e528]" name="test1" duration-ms="3701" started-at="2020-09-10T13:41:11 IST" finished-at="2020-09-10T13:41:15 IST">
          <reporter-output>
          </reporter-output>
        </test-method> <!-- test1 -->
      </class> <!-- PostData.data -->
    </test> <!-- Default test -->
  </suite> <!-- Default suite -->
</testng-results>
